<?xml version="1.0" encoding="UTF-8"?>
<robot generator="Robot 3.0.2 (Python 3.6.0 on win32)" generated="20171125 11:39:42.039">
<suite id="s1" name="Register.Spec" source="D:\58660129\06-robot\test\register.spec.robot">
<test id="s1-t1" name="Open Register Page Successful">
<kw name="Open Browser" library="SeleniumLibrary">
<doc>Opens a new browser instance to the given ``url``.</doc>
<arguments>
<arg>http://bit.ly/2BajZDe</arg>
<arg>chrome</arg>
</arguments>
<msg timestamp="20171125 11:39:42.165" level="INFO">Opening browser 'chrome' to base url 'http://bit.ly/2BajZDe'.</msg>
<status status="PASS" starttime="20171125 11:39:42.165" endtime="20171125 11:39:46.135"></status>
</kw>
<status status="PASS" starttime="20171125 11:39:42.164" endtime="20171125 11:39:46.135" critical="yes"></status>
</test>
<test id="s1-t2" name="Register Page Chexk All Required Fields">
<kw name="Open Browser" library="SeleniumLibrary">
<doc>Opens a new browser instance to the given ``url``.</doc>
<arguments>
<arg>http://bit.ly/2BajZDe</arg>
<arg>chrome</arg>
</arguments>
<msg timestamp="20171125 11:39:46.137" level="INFO">Opening browser 'chrome' to base url 'http://bit.ly/2BajZDe'.</msg>
<status status="PASS" starttime="20171125 11:39:46.137" endtime="20171125 11:39:50.116"></status>
</kw>
<kw name="Click Element" library="SeleniumLibrary">
<doc>Click element identified by ``locator``.</doc>
<arguments>
<arg>id=btn_submit</arg>
</arguments>
<msg timestamp="20171125 11:39:50.117" level="INFO">Clicking element 'id=btn_submit'.</msg>
<status status="PASS" starttime="20171125 11:39:50.116" endtime="20171125 11:39:50.227"></status>
</kw>
<kw name="Wait Until Page Contains" library="SeleniumLibrary">
<doc>Waits until ``text`` appears on current page.</doc>
<arguments>
<arg>The Email field is required.</arg>
</arguments>
<status status="PASS" starttime="20171125 11:39:50.228" endtime="20171125 11:39:50.253"></status>
</kw>
<kw name="Wait Until Page Contains" library="SeleniumLibrary">
<doc>Waits until ``text`` appears on current page.</doc>
<arguments>
<arg>The Password field is required.</arg>
</arguments>
<status status="PASS" starttime="20171125 11:39:50.254" endtime="20171125 11:39:50.273"></status>
</kw>
<kw name="Wait Until Page Contains" library="SeleniumLibrary">
<doc>Waits until ``text`` appears on current page.</doc>
<arguments>
<arg>The Re-type Password field is required.</arg>
</arguments>
<status status="PASS" starttime="20171125 11:39:50.273" endtime="20171125 11:39:50.292"></status>
</kw>
<kw name="Wait Until Page Contains" library="SeleniumLibrary">
<doc>Waits until ``text`` appears on current page.</doc>
<arguments>
<arg>The Name field is required.</arg>
</arguments>
<status status="PASS" starttime="20171125 11:39:50.292" endtime="20171125 11:39:50.314"></status>
</kw>
<status status="PASS" starttime="20171125 11:39:46.136" endtime="20171125 11:39:50.314" critical="yes"></status>
</test>
<kw name="Close All Browsers" library="SeleniumLibrary" type="teardown">
<doc>Closes all open browsers and resets the browser cache.</doc>
<status status="PASS" starttime="20171125 11:39:50.315" endtime="20171125 11:39:56.365"></status>
</kw>
<status status="PASS" starttime="20171125 11:39:42.040" endtime="20171125 11:39:56.365"></status>
</suite>
<statistics>
<total>
<stat pass="2" fail="0">Critical Tests</stat>
<stat pass="2" fail="0">All Tests</stat>
</total>
<tag>
</tag>
<suite>
<stat pass="2" fail="0" id="s1" name="Register.Spec">Register.Spec</stat>
</suite>
</statistics>
<errors>
</errors>
</robot>
